<?xml version="1.0" encoding="UTF-8"?>
<testsuite name="TestSuite" time="22.747" tests="3" errors="0" skipped="0" failures="1">
  <properties>
[...]
</properties>
  <testcase name="validateGetStartedButton" classname="testcases.FlipboardLoginTest" time="1.498">
    <failure message="Failing the test" type="java.lang.AssertionError">java.lang.AssertionError: Failing the test
	at org.testng.Assert.fail(Assert.java:97)
	at testcases.FlipboardLoginTest.validateGetStartedButton(FlipboardLoginTest.java:31)
</failure>
    <system-out><![CDATA[&amp#27;[35m[Appium]&amp#27;[39m Welcome to Appium v1.17.0
&amp#27;[35m[Appium]&amp#27;[39m Non-default server args:
&amp#27;[35m[Appium]&amp#27;[39m   logFile: D:\workspaces\AppiumNewSeries1.13\PageObjectModelwithPageFactories\src\test\resources\logs\log.txt
&amp#27;[35m[Appium]&amp#27;[39m   localTimezone: true
&amp#27;[35m[Appium]&amp#27;[39m Appium REST http interface listener started on 0.0.0.0:4723
&amp#27;[35m[HTTP]&amp#27;[39m &amp#27;[37m-->&amp#27;[39m &amp#27;[37mGET&amp#27;[39m &amp#27;[37m/wd/hub/status&amp#27;[39m
&amp#27;[35m[HTTP]&amp#27;[39m &amp#27;[90m{}&amp#27;[39m
[debug] &amp#27;[35m[GENERIC]&amp#27;[39m Calling AppiumDriver.getStatus() with args: []
[debug] &amp#27;[35m[GENERIC]&amp#27;[39m Responding to client with driver.getStatus() result: {"build":{"version":"1.17.0"}}
&amp#27;[35m[HTTP]&amp#27;[39m &amp#27;[37m<-- GET /wd/hub/status &amp#27;[39m&amp#27;[32m200&amp#27;[39m &amp#27;[90m7 ms - 68&amp#27;[39m
&amp#27;[35m[HTTP]&amp#27;[39m &amp#27;[90m&amp#27;[39m
&amp#27;[35m[HTTP]&amp#27;[39m &amp#27;[37m-->&amp#27;[39m &amp#27;[37mPOST&amp#27;[39m &amp#27;[37m/wd/hub/session&amp#27;[39m
&amp#27;[35m[HTTP]&amp#27;[39m &amp#27;[90m{"desiredCapabilities":{"appActivity":"flipboard.activities.LaunchActivityAlias","appPackage":"flipboard.app","platformName":"android","deviceName":"android","platformVersion":"9"},"capabilities":{"firstMatch":[{"appium:appActivity":"flipboard.activities.LaunchActivityAlias","appium:appPackage":"flipboard.app","appium:deviceName":"android","platformName":"android","appium:platformVersion":"9"}]}}&amp#27;[39m
[debug] &amp#27;[35m[W3C]&amp#27;[39m Calling AppiumDriver.createSession() with args: [{"appActivity":"flipboard.activities.LaunchActivityAlias","appPackage":"flipboard.app","platformName":"android","deviceName":"android","platformVersion":"9"},null,{"firstMatch":[{"appium:appActivity":"flipboard.activities.LaunchActivityAlias","appium:appPackage":"flipboard.app","appium:deviceName":"android","platformName":"android","appium:platformVersion":"9"}]}]
[debug] &amp#27;[35m[BaseDriver]&amp#27;[39m Event 'newSessionRequested' logged at 1590510741838 (22:02:21 GMT+0530 (India Standard Time))
&amp#27;[35m[Appium]&amp#27;[39m 
&amp#27;[35m[Appium]&amp#27;[39m ======================================================================
&amp#27;[35m[Appium]&amp#27;[39m   DEPRECATION WARNING:
&amp#27;[35m[Appium]&amp#27;[39m 
&amp#27;[35m[Appium]&amp#27;[39m   The 'automationName' capability was not provided in the desired 
&amp#27;[35m[Appium]&amp#27;[39m   capabilities for this Android session
&amp#27;[35m[Appium]&amp#27;[39m 
&amp#27;[35m[Appium]&amp#27;[39m   Setting 'automationName=UiAutomator2' by default and using the 
&amp#27;[35m[Appium]&amp#27;[39m   UiAutomator2 Driver
&amp#27;[35m[Appium]&amp#27;[39m 
&amp#27;[35m[Appium]&amp#27;[39m   The next major version of Appium (2.x) will **require** the 
&amp#27;[35m[Appium]&amp#27;[39m   'automationName' capability to be set for all sessions on all 
&amp#27;[35m[Appium]&amp#27;[39m   platforms
&amp#27;[35m[Appium]&amp#27;[39m 
&amp#27;[35m[Appium]&amp#27;[39m   In previous versions (Appium <= 1.13.x), the default was 
&amp#27;[35m[Appium]&amp#27;[39m   'automationName=UiAutomator1'
&amp#27;[35m[Appium]&amp#27;[39m 
&amp#27;[35m[Appium]&amp#27;[39m   If you wish to use that automation instead of UiAutomator2, please 
&amp#27;[35m[Appium]&amp#27;[39m   add 'automationName=UiAutomator1' to your desired capabilities
&amp#27;[35m[Appium]&amp#27;[39m 
&amp#27;[35m[Appium]&amp#27;[39m   For more information about drivers, please visit 
&amp#27;[35m[Appium]&amp#27;[39m   http://appium.io/docs/en/about-appium/intro/ and explore the 
&amp#27;[35m[Appium]&amp#27;[39m   'Drivers' menu
&amp#27;[35m[Appium]&amp#27;[39m 
&amp#27;[35m[Appium]&amp#27;[39m ======================================================================
&amp#27;[35m[Appium]&amp#27;[39m 
&amp#27;[35m[Appium]&amp#27;[39m Appium v1.17.0 creating new AndroidUiautomator2Driver (v1.44.2) session
[debug] &amp#27;[35m[BaseDriver]&amp#27;[39m W3C capabilities and MJSONWP desired capabilities were provided
[debug] &amp#27;[35m[BaseDriver]&amp#27;[39m Creating session with W3C capabilities: {
[debug] &amp#27;[35m[BaseDriver]&amp#27;[39m   "alwaysMatch": {
[debug] &amp#27;[35m[BaseDriver]&amp#27;[39m     "platformName": "android",
[debug] &amp#27;[35m[BaseDriver]&amp#27;[39m     "appium:appActivity": "flipboard.activities.LaunchActivityAlias",
[debug] &amp#27;[35m[BaseDriver]&amp#27;[39m     "appium:appPackage": "flipboard.app",
[debug] &amp#27;[35m[BaseDriver]&amp#27;[39m     "appium:deviceName": "android",
[debug] &amp#27;[35m[BaseDriver]&amp#27;[39m     "appium:platformVersion": "9"
[debug] &amp#27;[35m[BaseDriver]&amp#27;[39m   },
[debug] &amp#27;[35m[BaseDriver]&amp#27;[39m   "firstMatch": [
[debug] &amp#27;[35m[BaseDriver]&amp#27;[39m     {}
[debug] &amp#27;[35m[BaseDriver]&amp#27;[39m   ]
[debug] &amp#27;[35m[BaseDriver]&amp#27;[39m }
&amp#27;[35m[BaseDriver]&amp#27;[39m Session created with session id: dfbe8cfa-c017-4a12-9c71-750d711db762
&amp#27;[35m[UiAutomator2]&amp#27;[39m Starting 'flipboard.app' directly on the device
&amp#27;[35m[ADB]&amp#27;[39m Found 1 'build-tools' folders under 'C:\Users\way2automation\AppData\Local\Android\Sdk' (newest first):
&amp#27;[35m[ADB]&amp#27;[39m     C:/Users/way2automation/AppData/Local/Android/Sdk/build-tools/29.0.3
&amp#27;[35m[ADB]&amp#27;[39m Using 'adb.exe' from 'C:\Users\way2automation\AppData\Local\Android\Sdk\platform-tools\adb.exe'
&amp#27;[35m[AndroidDriver]&amp#27;[39m Retrieving device list
[debug] &amp#27;[35m[ADB]&amp#27;[39m Trying to find a connected android device
[debug] &amp#27;[35m[ADB]&amp#27;[39m Getting connected devices...
[debug] &amp#27;[35m[ADB]&amp#27;[39m Connected devices: [{"udid":"8e006adb","state":"device"}]
&amp#27;[35m[AndroidDriver]&amp#27;[39m Looking for a device with Android '9.0.0'
[debug] &amp#27;[35m[ADB]&amp#27;[39m Setting device id to 8e006adb
&amp#27;[35m[ADB]&amp#27;[39m Getting device platform version
[debug] &amp#27;[35m[ADB]&amp#27;[39m Running 'C:\Users\way2automation\AppData\Local\Android\Sdk\platform-tools\adb.exe -P 5037 -s 8e006adb shell getprop ro.build.version.release'
[debug] &amp#27;[35m[ADB]&amp#27;[39m Current device property 'ro.build.version.release': 9
&amp#27;[35m[AndroidDriver]&amp#27;[39m Using device: 8e006adb
&amp#27;[35m[ADB]&amp#27;[39m Using 'adb.exe' from 'C:\Users\way2automation\AppData\Local\Android\Sdk\platform-tools\adb.exe'
[debug] &amp#27;[35m[ADB]&amp#27;[39m Setting device id to 8e006adb
[debug] &amp#27;[35m[ADB]&amp#27;[39m Running 'C:\Users\way2automation\AppData\Local\Android\Sdk\platform-tools\adb.exe -P 5037 -s 8e006adb shell getprop ro.build.version.sdk'
[debug] &amp#27;[35m[ADB]&amp#27;[39m Current device property 'ro.build.version.sdk': 28
&amp#27;[35m[ADB]&amp#27;[39m Getting device platform version
[debug] &amp#27;[35m[ADB]&amp#27;[39m Running 'C:\Users\way2automation\AppData\Local\Android\Sdk\platform-tools\adb.exe -P 5037 -s 8e006adb shell getprop ro.build.version.release'
[debug] &amp#27;[35m[ADB]&amp#27;[39m Current device property 'ro.build.version.release': 9
[debug] &amp#27;[35m[ADB]&amp#27;[39m Device API level: 28
&amp#27;[35m[UiAutomator2]&amp#27;[39m Relaxing hidden api policy
[debug] &amp#27;[35m[ADB]&amp#27;[39m Running 'C:\Users\way2automation\AppData\Local\Android\Sdk\platform-tools\adb.exe -P 5037 -s 8e006adb shell settings put global hidden_api_policy_pre_p_apps 1'
[debug] &amp#27;[35m[ADB]&amp#27;[39m Running 'C:\Users\way2automation\AppData\Local\Android\Sdk\platform-tools\adb.exe -P 5037 -s 8e006adb shell settings put global hidden_api_policy_p_apps 1'
[debug] &amp#27;[35m[ADB]&amp#27;[39m Running 'C:\Users\way2automation\AppData\Local\Android\Sdk\platform-tools\adb.exe -P 5037 -s 8e006adb shell settings put global hidden_api_policy 1'
&amp#27;[35m[AndroidDriver]&amp#27;[39m No app sent in, not parsing package/activity
[debug] &amp#27;[35m[ADB]&amp#27;[39m Running 'C:\Users\way2automation\AppData\Local\Android\Sdk\platform-tools\adb.exe -P 5037 -s 8e006adb wait-for-device'
[debug] &amp#27;[35m[ADB]&amp#27;[39m Running 'C:\Users\way2automation\AppData\Local\Android\Sdk\platform-tools\adb.exe -P 5037 -s 8e006adb shell echo ping'
[debug] &amp#27;[35m[AndroidDriver]&amp#27;[39m Pushing settings apk to device...
[debug] &amp#27;[35m[ADB]&amp#27;[39m Getting install status for io.appium.settings
[debug] &amp#27;[35m[ADB]&amp#27;[39m Running 'C:\Users\way2automation\AppData\Local\Android\Sdk\platform-tools\adb.exe -P 5037 -s 8e006adb shell dumpsys package io.appium.settings'
[debug] &amp#27;[35m[ADB]&amp#27;[39m 'io.appium.settings' is installed
[debug] &amp#27;[35m[ADB]&amp#27;[39m Getting package info for 'io.appium.settings'
[debug] &amp#27;[35m[ADB]&amp#27;[39m Running 'C:\Users\way2automation\AppData\Local\Android\Sdk\platform-tools\adb.exe -P 5037 -s 8e006adb shell dumpsys package io.appium.settings'
[debug] &amp#27;[35m[ADB]&amp#27;[39m The version name of the installed 'io.appium.settings' is greater or equal to the application version name ('3.1.0' >= '3.1.0')
[debug] &amp#27;[35m[ADB]&amp#27;[39m There is no need to install/upgrade 'C:\Users\way2automation\AppData\Local\Programs\Appium\resources\app\node_modules\appium\node_modules\io.appium.settings\apks\settings_apk-debug.apk'
[debug] &amp#27;[35m[ADB]&amp#27;[39m Getting IDs of all 'io.appium.settings' processes
[debug] &amp#27;[35m[ADB]&amp#27;[39m Running 'C:\Users\way2automation\AppData\Local\Android\Sdk\platform-tools\adb.exe -P 5037 -s 8e006adb shell 'pgrep --help; echo $?''
[debug] &amp#27;[35m[ADB]&amp#27;[39m Running 'C:\Users\way2automation\AppData\Local\Android\Sdk\platform-tools\adb.exe -P 5037 -s 8e006adb shell pgrep -f io\\.appium\\.settings'
[debug] &amp#27;[35m[AndroidDriver]&amp#27;[39m io.appium.settings is already running. There is no need to reset its permissions.
[debug] &amp#27;[35m[ADB]&amp#27;[39m Running 'C:\Users\way2automation\AppData\Local\Android\Sdk\platform-tools\adb.exe -P 5037 -s 8e006adb shell appops set io.appium.settings android\:mock_location allow'
[debug] &amp#27;[35m[Logcat]&amp#27;[39m Starting logcat capture
[debug] &amp#27;[35m[UiAutomator2]&amp#27;[39m Forwarding UiAutomator2 Server port 6790 to 8200
[debug] &amp#27;[35m[ADB]&amp#27;[39m Forwarding system: 8200 to device: 6790
[debug] &amp#27;[35m[ADB]&amp#27;[39m Running 'C:\Users\way2automation\AppData\Local\Android\Sdk\platform-tools\adb.exe -P 5037 -s 8e006adb forward tcp\:8200 tcp\:6790'
[debug] &amp#27;[35m[ADB]&amp#27;[39m Getting install status for io.appium.uiautomator2.server
[debug] &amp#27;[35m[ADB]&amp#27;[39m Running 'C:\Users\way2automation\AppData\Local\Android\Sdk\platform-tools\adb.exe -P 5037 -s 8e006adb shell dumpsys package io.appium.uiautomator2.server'
[debug] &amp#27;[35m[ADB]&amp#27;[39m 'io.appium.uiautomator2.server' is installed
[debug] &amp#27;[35m[ADB]&amp#27;[39m Getting package info for 'io.appium.uiautomator2.server'
[debug] &amp#27;[35m[ADB]&amp#27;[39m Running 'C:\Users\way2automation\AppData\Local\Android\Sdk\platform-tools\adb.exe -P 5037 -s 8e006adb shell dumpsys package io.appium.uiautomator2.server'
[debug] &amp#27;[35m[ADB]&amp#27;[39m The version name of the installed 'io.appium.uiautomator2.server' is greater or equal to the application version name ('4.5.5' >= '4.5.5')
[debug] &amp#27;[35m[UiAutomator2]&amp#27;[39m io.appium.uiautomator2.server installation state: sameVersionInstalled
[debug] &amp#27;[35m[ADB]&amp#27;[39m Checking app cert for C:\Users\way2automation\AppData\Local\Programs\Appium\resources\app\node_modules\appium\node_modules\appium-uiautomator2-server\apks\appium-uiautomator2-server-v4.5.5.apk
&amp#27;[35m[ADB]&amp#27;[39m Using 'apksigner.jar' from 'C:\Users\way2automation\AppData\Local\Android\Sdk\build-tools\29.0.3\lib\apksigner.jar'
[debug] &amp#27;[35m[ADB]&amp#27;[39m Starting apksigner: 'C:\\Program Files\\Java\\jdk1.8.0_131\\bin\\java.exe' -Xmx1024M -Xss1m -jar C:\\Users\\way2automation\\AppData\\Local\\Android\\Sdk\\build-tools\\29.0.3\\lib\\apksigner.jar verify --print-certs C:\\Users\\way2automation\\AppData\\Local\\Programs\\Appium\\resources\\app\\node_modules\\appium\\node_modules\\appium-uiautomator2-server\\apks\\appium-uiautomator2-server-v4.5.5.apk
[debug] &amp#27;[35m[ADB]&amp#27;[39m apksigner stdout: Signer #1 certificate DN: EMAILADDRESS=android@android.com, CN=Android, OU=Android, O=Android, L=Mountain View, ST=California, C=US
[debug] &amp#27;[35m[ADB]&amp#27;[39m Signer #1 certificate SHA-256 digest: a40da80a59d170caa950cf15c18c454d47a39b26989d8b640ecd745ba71bf5dc
[debug] &amp#27;[35m[ADB]&amp#27;[39m Signer #1 certificate SHA-1 digest: 61ed377e85d386a8dfee6b864bd85b0bfaa5af81
[debug] &amp#27;[35m[ADB]&amp#27;[39m Signer #1 certificate MD5 digest: e89b158e4bcf988ebd09eb83f5378e87
[debug] &amp#27;[35m[ADB]&amp#27;[39m 
[debug] &amp#27;[35m[ADB]&amp#27;[39m 'C:\Users\way2automation\AppData\Local\Programs\Appium\resources\app\node_modules\appium\node_modules\appium-uiautomator2-server\apks\appium-uiautomator2-server-v4.5.5.apk' is signed with the default certificate
[debug] &amp#27;[35m[ADB]&amp#27;[39m Getting install status for io.appium.uiautomator2.server.test
[debug] &amp#27;[35m[ADB]&amp#27;[39m Running 'C:\Users\way2automation\AppData\Local\Android\Sdk\platform-tools\adb.exe -P 5037 -s 8e006adb shell dumpsys package io.appium.uiautomator2.server.test'
[debug] &amp#27;[35m[ADB]&amp#27;[39m 'io.appium.uiautomator2.server.test' is installed
[debug] &amp#27;[35m[ADB]&amp#27;[39m Checking app cert for C:\Users\way2automation\AppData\Local\Programs\Appium\resources\app\node_modules\appium\node_modules\appium-uiautomator2-server\apks\appium-uiautomator2-server-debug-androidTest.apk
[debug] &amp#27;[35m[ADB]&amp#27;[39m Starting apksigner: 'C:\\Program Files\\Java\\jdk1.8.0_131\\bin\\java.exe' -Xmx1024M -Xss1m -jar C:\\Users\\way2automation\\AppData\\Local\\Android\\Sdk\\build-tools\\29.0.3\\lib\\apksigner.jar verify --print-certs C:\\Users\\way2automation\\AppData\\Local\\Programs\\Appium\\resources\\app\\node_modules\\appium\\node_modules\\appium-uiautomator2-server\\apks\\appium-uiautomator2-server-debug-androidTest.apk
[debug] &amp#27;[35m[ADB]&amp#27;[39m apksigner stdout: Signer #1 certificate DN: EMAILADDRESS=android@android.com, CN=Android, OU=Android, O=Android, L=Mountain View, ST=California, C=US
[debug] &amp#27;[35m[ADB]&amp#27;[39m Signer #1 certificate SHA-256 digest: a40da80a59d170caa950cf15c18c454d47a39b26989d8b640ecd745ba71bf5dc
[debug] &amp#27;[35m[ADB]&amp#27;[39m Signer #1 certificate SHA-1 digest: 61ed377e85d386a8dfee6b864bd85b0bfaa5af81
[debug] &amp#27;[35m[ADB]&amp#27;[39m Signer #1 certificate MD5 digest: e89b158e4bcf988ebd09eb83f5378e87
[debug] &amp#27;[35m[ADB]&amp#27;[39m 
[debug] &amp#27;[35m[ADB]&amp#27;[39m 'C:\Users\way2automation\AppData\Local\Programs\Appium\resources\app\node_modules\appium\node_modules\appium-uiautomator2-server\apks\appium-uiautomator2-server-debug-androidTest.apk' is signed with the default certificate
&amp#27;[35m[UiAutomator2]&amp#27;[39m Server packages are not going to be (re)installed
[debug] &amp#27;[35m[UiAutomator2]&amp#27;[39m Waiting up to 30000ms for services to be available
[debug] &amp#27;[35m[ADB]&amp#27;[39m Running 'C:\Users\way2automation\AppData\Local\Android\Sdk\platform-tools\adb.exe -P 5037 -s 8e006adb shell pm list instrumentation'
[debug] &amp#27;[35m[UiAutomator2]&amp#27;[39m Instrumentation target 'io.appium.uiautomator2.server.test/androidx.test.runner.AndroidJUnitRunner' is available
[debug] &amp#27;[35m[UiAutomator2]&amp#27;[39m No app capability. Assuming it is already on the device
[debug] &amp#27;[35m[ADB]&amp#27;[39m Getting install status for flipboard.app
[debug] &amp#27;[35m[ADB]&amp#27;[39m Running 'C:\Users\way2automation\AppData\Local\Android\Sdk\platform-tools\adb.exe -P 5037 -s 8e006adb shell dumpsys package flipboard.app'
[debug] &amp#27;[35m[ADB]&amp#27;[39m 'flipboard.app' is installed
[debug] &amp#27;[35m[ADB]&amp#27;[39m Running 'C:\Users\way2automation\AppData\Local\Android\Sdk\platform-tools\adb.exe -P 5037 -s 8e006adb shell am force-stop flipboard.app'
[debug] &amp#27;[35m[ADB]&amp#27;[39m Running 'C:\Users\way2automation\AppData\Local\Android\Sdk\platform-tools\adb.exe -P 5037 -s 8e006adb shell pm clear flipboard.app'
[debug] &amp#27;[35m[AndroidDriver]&amp#27;[39m Performed fast reset on the installed 'flipboard.app' application (stop and clear)
[debug] &amp#27;[35m[UiAutomator2]&amp#27;[39m Performing shallow cleanup of automation leftovers
[debug] &amp#27;[35m[UiAutomator2]&amp#27;[39m No obsolete sessions have been detected (Error: socket hang up)
[debug] &amp#27;[35m[ADB]&amp#27;[39m Running 'C:\Users\way2automation\AppData\Local\Android\Sdk\platform-tools\adb.exe -P 5037 -s 8e006adb shell am force-stop io.appium.uiautomator2.server.test'
&amp#27;[35m[UiAutomator2]&amp#27;[39m Starting UIAutomator2 server 4.5.5
&amp#27;[35m[UiAutomator2]&amp#27;[39m Using UIAutomator2 server from 'C:\Users\way2automation\AppData\Local\Programs\Appium\resources\app\node_modules\appium\node_modules\appium-uiautomator2-server\apks\appium-uiautomator2-server-v4.5.5.apk' and test from 'C:\Users\way2automation\AppData\Local\Programs\Appium\resources\app\node_modules\appium\node_modules\appium-uiautomator2-server\apks\appium-uiautomator2-server-debug-androidTest.apk'
&amp#27;[35m[UiAutomator2]&amp#27;[39m Waiting up to 30000ms for UiAutomator2 to be online...
[debug] &amp#27;[35m[ADB]&amp#27;[39m Creating ADB subprocess with args: ["-P",5037,"-s","8e006adb","shell","am","instrument","-w","io.appium.uiautomator2.server.test/androidx.test.runner.AndroidJUnitRunner"]
[debug] &amp#27;[35m[WD Proxy]&amp#27;[39m Matched '/status' to command name 'getStatus'
[debug] &amp#27;[35m[WD Proxy]&amp#27;[39m Proxying [GET /status] to [GET http://127.0.0.1:8200/wd/hub/status] with no body
&amp#27;[35m[WD Proxy]&amp#27;[39m Got response with unknown status: {"code":"ECONNRESET"}
[debug] &amp#27;[35m[WD Proxy]&amp#27;[39m Matched '/status' to command name 'getStatus'
[debug] &amp#27;[35m[WD Proxy]&amp#27;[39m Proxying [GET /status] to [GET http://127.0.0.1:8200/wd/hub/status] with no body
&amp#27;[35m[WD Proxy]&amp#27;[39m Got response with unknown status: {"code":"ECONNRESET"}
[debug] &amp#27;[35m[Instrumentation]&amp#27;[39m io.appium.uiautomator2.server.test.AppiumUiAutomator2Server:
[debug] &amp#27;[35m[WD Proxy]&amp#27;[39m Matched '/status' to command name 'getStatus'
[debug] &amp#27;[35m[WD Proxy]&amp#27;[39m Proxying [GET /status] to [GET http://127.0.0.1:8200/wd/hub/status] with no body
&amp#27;[35m[WD Proxy]&amp#27;[39m Got response with unknown status: {"code":"ECONNRESET"}
[debug] &amp#27;[35m[WD Proxy]&amp#27;[39m Matched '/status' to command name 'getStatus'
[debug] &amp#27;[35m[WD Proxy]&amp#27;[39m Proxying [GET /status] to [GET http://127.0.0.1:8200/wd/hub/status] with no body
[debug] &amp#27;[35m[WD Proxy]&amp#27;[39m Got response with status 200: {"sessionId":"None","value":{"ready":true,"message":"UiAutomator2 Server is ready to accept commands"}}
[debug] &amp#27;[35m[UiAutomator2]&amp#27;[39m The initialization of the instrumentation process took 4180ms
[debug] &amp#27;[35m[WD Proxy]&amp#27;[39m Matched '/session' to command name 'createSession'
[debug] &amp#27;[35m[WD Proxy]&amp#27;[39m Proxying [POST /session] to [POST http://127.0.0.1:8200/wd/hub/session] with body: {"capabilities":{"firstMatch":[{"platform":"LINUX","webStorageEnabled":false,"takesScreenshot":true,"javascriptEnabled":true,"databaseEnabled":false,"networkConnectionEnabled":true,"locationContextEnabled":false,"warnings":{},"desired":{"platformName":"android","appActivity":"flipboard.activities.LaunchActivityAlias","appPackage":"flipboard.app","deviceName":"android","platformVersion":"9"},"platformName":"android","appActivity":"flipboard.activities.LaunchActivityAlias","appPackage":"flipboard.app","deviceName":"8e006adb","platformVersion":"9","deviceUDID":"8e006adb"}],"alwaysMatch":{}}}
[debug] &amp#27;[35m[WD Proxy]&amp#27;[39m Got response with status 200: {"sessionId":"bcbfc6bd-0fed-4026-ae7d-bafe590fa378","value":{"sessionId":"bcbfc6bd-0fed-4026-ae7d-bafe590fa378","capabilities":{"firstMatch":[{"platform":"LINUX","webStorageEnabled":false,"takesScreenshot":true,"javascriptEnabled":true,"databaseEnabled":false,"networkConnectionEnabled":true,"locationContextEnabled":false,"warnings":{},"desired":{"platformName":"android","appActivity":"flipboard.activities.LaunchActivityAlias","appPackage":"flipboard.app","deviceName":"android","platformVersion":"9"},"platformName":"android","appActivity":"flipboard.activities.LaunchActivityAlias","appPackage":"flipboard.app","deviceName":"8e006adb","platformVersion":"9","deviceUDID":"8e006adb"}],"alwaysMatch":{}}}}
&amp#27;[35m[WD Proxy]&amp#27;[39m Determined the downstream protocol as 'W3C'
[debug] &amp#27;[35m[WD Proxy]&amp#27;[39m Proxying [GET /appium/device/info] to [GET http://127.0.0.1:8200/wd/hub/session/bcbfc6bd-0fed-4026-ae7d-bafe590fa378/appium/device/info] with no body
[debug] &amp#27;[35m[WD Proxy]&amp#27;[39m Got response with status 200: {"sessionId":"bcbfc6bd-0fed-4026-ae7d-bafe590fa378","value":{"androidId":"85f9e2fc01692e45","manufacturer":"vivo","model":"vivo 1818","brand":"vivo","apiVersion":"28","platformVersion":"9","carrierName":"Vodafone-Be Safe","realDisplaySize":"1080x2340","displayDensity":480,"networks":[{"type":1,"typeName":"WIFI","subtype":0,"subtypeName":"","isConnected":true,"detailedState":"CONNECTED","state":"CONNECTED","extraInfo":null,"isAvailable":true,"isFailover":false,"isRoaming":false,"capabilities":{"transportTypes":"TRANSPORT_WIFI","networkCapabilities":"NET_CAPABILITY_NOT_METERED,NET_CAPABILITY_INTERNET,NET_CAPABILITY_NOT_RESTRICTED,NET_CAPABILITY_TRUSTED,NET_CAPABILITY_NOT_VPN,NET_CAPABILITY_VALIDATED,NET_CAPABILITY_NOT_ROAMING,NET_CAPABILITY_FOREGROUND,NET_CAPABILITY_NOT_CONGESTED,NET_CAPABILITY_NOT_SUSPENDED","linkUpstreamBandwidthKbps":1048576,"linkDownBandwidthKbps":1048576,"signalStrength":-63,"networkSpecifier":null,"SSID":null}}],"locale":"en_US","timeZone":"Asia\/Kolkata","bluetooth":{"state":"OFF"}}}
[debug] &amp#27;[35m[ADB]&amp#27;[39m Running 'C:\Users\way2automation\AppData\Local\Android\Sdk\platform-tools\adb.exe -P 5037 -s 8e006adb shell dumpsys window'
&amp#27;[35m[AndroidDriver]&amp#27;[39m Screen already unlocked, doing nothing
&amp#27;[35m[UiAutomator2]&amp#27;[39m Starting 'flipboard.app/flipboard.activities.LaunchActivityAlias and waiting for 'flipboard.app/flipboard.activities.LaunchActivityAlias'
[debug] &amp#27;[35m[ADB]&amp#27;[39m Running 'C:\Users\way2automation\AppData\Local\Android\Sdk\platform-tools\adb.exe -P 5037 -s 8e006adb shell am start -W -n flipboard.app/flipboard.activities.LaunchActivityAlias -S -a android.intent.action.MAIN -c android.intent.category.LAUNCHER -f 0x10200000'
[debug] &amp#27;[35m[WD Proxy]&amp#27;[39m Proxying [GET /appium/device/pixel_ratio] to [GET http://127.0.0.1:8200/wd/hub/session/bcbfc6bd-0fed-4026-ae7d-bafe590fa378/appium/device/pixel_ratio] with body: {}
[debug] &amp#27;[35m[WD Proxy]&amp#27;[39m Got response with status 200: {"sessionId":"bcbfc6bd-0fed-4026-ae7d-bafe590fa378","value":3}
[debug] &amp#27;[35m[WD Proxy]&amp#27;[39m Matched '/appium/device/system_bars' to command name 'getSystemBars'
[debug] &amp#27;[35m[WD Proxy]&amp#27;[39m Proxying [GET /appium/device/system_bars] to [GET http://127.0.0.1:8200/wd/hub/session/bcbfc6bd-0fed-4026-ae7d-bafe590fa378/appium/device/system_bars] with body: {}
[debug] &amp#27;[35m[WD Proxy]&amp#27;[39m Got response with status 200: {"sessionId":"bcbfc6bd-0fed-4026-ae7d-bafe590fa378","value":{"statusBar":84}}
[debug] &amp#27;[35m[WD Proxy]&amp#27;[39m Matched '/window/current/size' to command name 'getWindowSize'
[debug] &amp#27;[35m[WD Proxy]&amp#27;[39m Proxying [GET /window/current/size] to [GET http://127.0.0.1:8200/wd/hub/session/bcbfc6bd-0fed-4026-ae7d-bafe590fa378/window/current/size] with body: {}
[debug] &amp#27;[35m[WD Proxy]&amp#27;[39m Got response with status 200: {"sessionId":"bcbfc6bd-0fed-4026-ae7d-bafe590fa378","value":{"height":2214,"width":1080}}
&amp#27;[35m[Appium]&amp#27;[39m New AndroidUiautomator2Driver session created successfully, session dfbe8cfa-c017-4a12-9c71-750d711db762 added to master session list
[debug] &amp#27;[35m[BaseDriver]&amp#27;[39m Event 'newSessionStarted' logged at 1590510752488 (22:02:32 GMT+0530 (India Standard Time))
[debug] &amp#27;[35m[W3C (dfbe8cfa)]&amp#27;[39m Cached the protocol value 'W3C' for the new session dfbe8cfa-c017-4a12-9c71-750d711db762
[debug] &amp#27;[35m[W3C (dfbe8cfa)]&amp#27;[39m Responding to client with driver.createSession() result: {"capabilities":{"platform":"LINUX","webStorageEnabled":false,"takesScreenshot":true,"javascriptEnabled":true,"databaseEnabled":false,"networkConnectionEnabled":true,"locationContextEnabled":false,"warnings":{},"desired":{"platformName":"android","appActivity":"flipboard.activities.LaunchActivityAlias","appPackage":"flipboard.app","deviceName":"android","platformVersion":"9"},"platformName":"android","appActivity":"flipboard.activities.LaunchActivityAlias","appPackage":"flipboard.app","deviceName":"8e006adb","platformVersion":"9","deviceUDID":"8e006adb","deviceApiLevel":28,"deviceScreenSize":"1080x2340","deviceScreenDensity":480,"deviceModel":"vivo 1818","deviceManufacturer":"vivo","pixelRatio":3,"statBarHeight":84,"viewportRect":{"left":0,"top":84,"width":1080,"height":2130}}}
&amp#27;[35m[HTTP]&amp#27;[39m &amp#27;[37m<-- POST /wd/hub/session &amp#27;[39m&amp#27;[32m200&amp#27;[39m &amp#27;[90m10653 ms - 849&amp#27;[39m
&amp#27;[35m[HTTP]&amp#27;[39m &amp#27;[90m&amp#27;[39m
&amp#27;[35m[HTTP]&amp#27;[39m &amp#27;[37m-->&amp#27;[39m &amp#27;[37mGET&amp#27;[39m &amp#27;[37m/wd/hub/session/dfbe8cfa-c017-4a12-9c71-750d711db762/context&amp#27;[39m
&amp#27;[35m[HTTP]&amp#27;[39m &amp#27;[90m{}&amp#27;[39m
[debug] &amp#27;[35m[W3C (dfbe8cfa)]&amp#27;[39m Calling AppiumDriver.getCurrentContext() with args: ["dfbe8cfa-c017-4a12-9c71-750d711db762"]
[debug] &amp#27;[35m[W3C (dfbe8cfa)]&amp#27;[39m Responding to client with driver.getCurrentContext() result: "NATIVE_APP"
&amp#27;[35m[HTTP]&amp#27;[39m &amp#27;[37m<-- GET /wd/hub/session/dfbe8cfa-c017-4a12-9c71-750d711db762/context &amp#27;[39m&amp#27;[32m200&amp#27;[39m &amp#27;[90m10 ms - 22&amp#27;[39m
&amp#27;[35m[HTTP]&amp#27;[39m &amp#27;[90m&amp#27;[39m
&amp#27;[35m[HTTP]&amp#27;[39m &amp#27;[37m-->&amp#27;[39m &amp#27;[37mPOST&amp#27;[39m &amp#27;[37m/wd/hub/session/dfbe8cfa-c017-4a12-9c71-750d711db762/element&amp#27;[39m
&amp#27;[35m[HTTP]&amp#27;[39m &amp#27;[90m{"using":"id","value":"flipboard.app:id/first_launch_cover_continue"}&amp#27;[39m
[debug] &amp#27;[35m[W3C (dfbe8cfa)]&amp#27;[39m Calling AppiumDriver.findElement() with args: ["id","flipboard.app:id/first_launch_cover_continue","dfbe8cfa-c017-4a12-9c71-750d711db762"]
[debug] &amp#27;[35m[BaseDriver]&amp#27;[39m Valid locator strategies for this request: xpath, id, class name, accessibility id, -android uiautomator
[debug] &amp#27;[35m[BaseDriver]&amp#27;[39m Waiting up to 0 ms for condition
[debug] &amp#27;[35m[WD Proxy]&amp#27;[39m Matched '/element' to command name 'findElement'
[debug] &amp#27;[35m[WD Proxy]&amp#27;[39m Proxying [POST /element] to [POST http://127.0.0.1:8200/wd/hub/session/bcbfc6bd-0fed-4026-ae7d-bafe590fa378/element] with body: {"strategy":"id","selector":"flipboard.app:id/first_launch_cover_continue","context":"","multiple":false}
[debug] &amp#27;[35m[WD Proxy]&amp#27;[39m Got response with status 200: {"sessionId":"bcbfc6bd-0fed-4026-ae7d-bafe590fa378","value":{"ELEMENT":"b300266a-4c21-40e5-a35a-77078916b6c8","element-6066-11e4-a52e-4f735466cecf":"b300266a-4c21-40e5-a35a-77078916b6c8"}}
[debug] &amp#27;[35m[W3C (dfbe8cfa)]&amp#27;[39m Responding to client with driver.findElement() result: {"element-6066-11e4-a52e-4f735466cecf":"b300266a-4c21-40e5-a35a-77078916b6c8","ELEMENT":"b300266a-4c21-40e5-a35a-77078916b6c8"}
&amp#27;[35m[HTTP]&amp#27;[39m &amp#27;[37m<-- POST /wd/hub/session/dfbe8cfa-c017-4a12-9c71-750d711db762/element &amp#27;[39m&amp#27;[32m200&amp#27;[39m &amp#27;[90m88 ms - 137&amp#27;[39m
&amp#27;[35m[HTTP]&amp#27;[39m &amp#27;[90m&amp#27;[39m
&amp#27;[35m[HTTP]&amp#27;[39m &amp#27;[37m-->&amp#27;[39m &amp#27;[37mPOST&amp#27;[39m &amp#27;[37m/wd/hub/session/dfbe8cfa-c017-4a12-9c71-750d711db762/element/b300266a-4c21-40e5-a35a-77078916b6c8/click&amp#27;[39m
&amp#27;[35m[HTTP]&amp#27;[39m &amp#27;[90m{"id":"b300266a-4c21-40e5-a35a-77078916b6c8"}&amp#27;[39m
[debug] &amp#27;[35m[W3C (dfbe8cfa)]&amp#27;[39m Calling AppiumDriver.click() with args: ["b300266a-4c21-40e5-a35a-77078916b6c8","dfbe8cfa-c017-4a12-9c71-750d711db762"]
[debug] &amp#27;[35m[WD Proxy]&amp#27;[39m Matched '/element/b300266a-4c21-40e5-a35a-77078916b6c8/click' to command name 'click'
[debug] &amp#27;[35m[WD Proxy]&amp#27;[39m Proxying [POST /element/b300266a-4c21-40e5-a35a-77078916b6c8/click] to [POST http://127.0.0.1:8200/wd/hub/session/bcbfc6bd-0fed-4026-ae7d-bafe590fa378/element/b300266a-4c21-40e5-a35a-77078916b6c8/click] with body: {"element":"b300266a-4c21-40e5-a35a-77078916b6c8"}
[debug] &amp#27;[35m[WD Proxy]&amp#27;[39m Got response with status 200: {"sessionId":"bcbfc6bd-0fed-4026-ae7d-bafe590fa378","value":null}
[debug] &amp#27;[35m[W3C (dfbe8cfa)]&amp#27;[39m Responding to client with driver.click() result: null
&amp#27;[35m[HTTP]&amp#27;[39m &amp#27;[37m<-- POST /wd/hub/session/dfbe8cfa-c017-4a12-9c71-750d711db762/element/b300266a-4c21-40e5-a35a-77078916b6c8/click &amp#27;[39m&amp#27;[32m200&amp#27;[39m &amp#27;[90m65 ms - 14&amp#27;[39m
&amp#27;[35m[HTTP]&amp#27;[39m &amp#27;[90m&amp#27;[39m
&amp#27;[35m[HTTP]&amp#27;[39m &amp#27;[37m-->&amp#27;[39m &amp#27;[37mGET&amp#27;[39m &amp#27;[37m/wd/hub/session/dfbe8cfa-c017-4a12-9c71-750d711db762/screenshot&amp#27;[39m
&amp#27;[35m[HTTP]&amp#27;[39m &amp#27;[90m{}&amp#27;[39m
[debug] &amp#27;[35m[W3C (dfbe8cfa)]&amp#27;[39m Calling AppiumDriver.getScreenshot() with args: ["dfbe8cfa-c017-4a12-9c71-750d711db762"]
[debug] &amp#27;[35m[WD Proxy]&amp#27;[39m Matched '/screenshot' to command name 'getScreenshot'
[debug] &amp#27;[35m[WD Proxy]&amp#27;[39m Proxying [GET /screenshot] to [GET http://127.0.0.1:8200/wd/hub/session/bcbfc6bd-0fed-4026-ae7d-bafe590fa378/screenshot] with no body
[debug] &amp#27;[35m[WD Proxy]&amp#27;[39m Got response with status 200: {"sessionId":"bcbfc6bd-0fed-4026-ae7d-bafe590fa378","value":"iVBORw0KGgoAAAANSUhEUgAABDgAAAkkCAYAAAD508+vAAAABHNCSVQICAgIfAhkiAAAIABJREFU\neJzsvXmUbMlZ2PmLuEsulbW\/eq\/e\/nqX1N1qrQhJrBJIQljGBsbAYIzBNmAw9jAeziznzDkzY5\/j\nWc4cG4wNmM14ABvhgxBgIYSMWCQhJKFutdSLenlLv36v3157LneJmD\/iZmXmrayqrHqZlZnV369P\nvs6bdTMybsQXX0R88cUXyoJFEARBEARBEARBEARhjNHDzoAgCIIgCIIgCIIgCMLdIgYOQRAEQRAE\nQRAEQRDGHjFwCIIgCIIgCIIgCIIw9oiBQxAEQRAEQRAEQRCEsUcMHIIgCIIgCIIgCIIgjD1i4BAE\nQRAEQRAEQRAEYewRA4cgCIIgCIIgCIIgCGOPGDgEQRAEQRAEQRAEQRh7xMAhCIIgCIIgCIIgCMLY\nIwYOQRAEQRAEQRAEQRDGHjFwCIIgCIIgCIIgCIIw9oiBQxAEQRAEQRAEQRCEsUcMHIIgCIIgCIIg\nCIIgjD1i4BAEQRAEQRAEQRAEYewRA4cgCIIgCIIgCIIgCGOPGDgEQRAEQRAEQRAEQRh7xMAhCIIg\nCIIgCIIgCMLYIwYOQRAEQRAEQRAEQRDGHjFwCIIgCIIgCIIgCIIw9oiBQxAEQRAEQRAEQRCEsUcM\nHIIgCIIgCIIgCIIgjD1i4BAEQRAEQRAEQRAEYewRA4cgCIIgCIIgCIIgCGOPGDgEQRCEscQAjw87\nE4IgCMCLwMqwMyEIgiCIgUMQBEEYP6rALwE\/BywNOS+CIAgfAf4v4PywMyIIgvAqxx92BoTx5YvA\natv11wBqSHkRBKE3GsBn264XgNcMKS\/7ZR34d8BXsusXgLcOLzuCILzKqeH0UB34KeDHgAeHmiNB\nEIRXL2LgEPbNp4En2...
[debug] &amp#27;[35m[W3C (dfbe8cfa)]&amp#27;[39m Responding to client with driver.getScreenshot() result: "iVBORw0KGgoAAAANSUhEUgAABDgAAAkkCAYAAAD508+vAAAABHNCSVQICAgIfAhkiAAAIABJREFU\neJzsvXmUbMlZ2PmLuEsulbW/eq/e/nqX1N1qrQhJrBJIQljGBsbAYIzBNmAw9jAeziznzDkzY5/j\nWc4cG4wNmM14ABvhgxBgIYSMWCQhJKFutdSLenlLv36v3157LneJmD/iZmXmrayqrHqZlZnV369P\nvs6bdTMybsQXX0R88cUXyoJFEARBEARBEARBEARhjNHDzoAgCIIgCIIgCIIgCMLdIgYOQRAEQRAE\nQRAEQRDGHjFwCIIgCIIgCIIgCIIw9oiBQxAEQRAEQRAEQRCEsUcMHIIgCIIgCIIgCIIgjD1i4BAE\nQRAEQRAEQRAEYewRA4cgCIIgCIIgCIIgCGOPGDgEQRAEQRAEQRAEQRh7xMAhCIIgCIIgCIIgCMLY\nIwYOQRAEQRAEQRAEQRDGHjFwCIIgCIIgCIIgCIIw9oiBQxAEQRAEQRAEQRCEsUcMHIIgCIIgCIIg\nCIIgjD1i4BAEQRAEQRAEQRAEYewRA4cgCIIgCIIgCIIgCGOPGDgEQRAEQRAEQRAEQRh7xMAhCIIg\nCIIgCIIgCMLYIwYOQRAEQRAEQRAEQRDGHjFwCIIgCIIgCIIgCIIw9oiBQxAEQRAEQRAEQRCEsUcM\nHIIgCIIgCIIgCIIgjD1i4BAEQRAEQRAEQRAEYewRA4cgCIIgCIIgCIIgCGOPGDgEQRCEscQAjw87\nE4IgCMCLwMqwMyEIgiCIgUMQBEEYP6rALwE/BywNOS+CIAgfAf4v4PywMyIIgvAqxx92BoTx5YvA\natv11wBqSHkRBKE3GsBn264XgNcMKS/7ZR34d8BXsusXgLcOLzuCILzKqeH0UB34KeDHgAeHmiNB\nEIRXL2LgEPbNp4En2q7fiRg4BGHUaQC/1nb9LsbLwNEAfpmWceNtwOuHlx1BEARKwI/jjBt14N8C\nPwGcHW...
&amp#27;[35m[HTTP]&amp#27;[39m &amp#27;[37m<-- GET /wd/hub/session/dfbe8cfa-c017-4a12-9c71-750d711db762/screenshot &amp#27;[39m&amp#27;[32m200&amp#27;[39m &amp#27;[90m1123 ms - 1327720&amp#27;[39m
&amp#27;[35m[HTTP]&amp#27;[39m &amp#27;[90m&amp#27;[39m
]]></system-out>
    <system-err><![CDATA[SLF4J: Failed to load class "org.slf4j.impl.StaticLoggerBinder".
SLF4J: Defaulting to no-operation (NOP) logger implementation
SLF4J: See http://www.slf4j.org/codes.html#StaticLoggerBinder for further details.
May 26, 2020 10:02:32 PM io.appium.java_client.remote.AppiumCommandExecutor$1 lambda$0
INFO: Detected dialect: W3C
]]></system-err>
  </testcase>
  <testcase name="chooseTopicsTest" classname="testcases.FlipboardLoginTest" time="3.375"/>
  <testcase name="validateTitle" classname="testcases.TitleSectionTest" time="17.874"/>
</testsuite>